<!DOCTYPE html>
<html>
<head>
<meta http-equiv="Content-Type" content="text/html; charset=utf-8"/>
<meta http-equiv="x-ua-compatible" content="IE=edge"/>
<title>Test results - Class ingresar a la página de Utest.com y proceder a dar clic</title>
<link href="../css/base-style.css" rel="stylesheet" type="text/css"/>
<link href="../css/style.css" rel="stylesheet" type="text/css"/>
<script src="../js/report.js" type="text/javascript"></script>
</head>
<body>
<div id="content">
<h1>Class ingresar a la página de Utest.com y proceder a dar clic</h1>
<div class="breadcrumbs">
<a href="../index.html">all</a> &gt; 
<a href="../packages/ingresar a la página de Utest.html">ingresar a la página de Utest</a> &gt; com y proceder a dar clic</div>
<div id="summary">
<table>
<tr>
<td>
<div class="summaryGroup">
<table>
<tr>
<td>
<div class="infoBox" id="tests">
<div class="counter">1</div>
<p>tests</p>
</div>
</td>
<td>
<div class="infoBox" id="failures">
<div class="counter">1</div>
<p>failures</p>
</div>
</td>
<td>
<div class="infoBox" id="ignored">
<div class="counter">0</div>
<p>ignored</p>
</div>
</td>
<td>
<div class="infoBox" id="duration">
<div class="counter">1m10.34s</div>
<p>duration</p>
</div>
</td>
</tr>
</table>
</div>
</td>
<td>
<div class="infoBox failures" id="successRate">
<div class="percent">0%</div>
<p>successful</p>
</div>
</td>
</tr>
</table>
</div>
<div id="tabs">
<ul class="tabLinks">
<li>
<a href="#tab0">Failed tests</a>
</li>
<li>
<a href="#tab1">Tests</a>
</li>
<li>
<a href="#tab2">Standard error</a>
</li>
</ul>
<div id="tab0" class="tab">
<h2>Failed tests</h2>
<div class="test">
<a name="Crear un nuevo usuario"></a>
<h3 class="failures">Crear un nuevo usuario</h3>
<span class="code">
<pre>net.serenitybdd.core.exceptions.SerenityManagedException: The following error occurred: chrome not reachable
  (Session info: chrome=104.0.5112.102)
Build info: version: '3.141.59', revision: 'e82be7d358', time: '2018-11-14T08:17:03'
System info: host: 'PC-JOHN', ip: '192.168.56.1', os.name: 'Windows 10', os.arch: 'x86', os.version: '10.0', java.version: '1.8.0_301'
Driver info: org.openqa.selenium.chrome.ChromeDriver
Capabilities {acceptInsecureCerts: false, browserName: chrome, browserVersion: 104.0.5112.102, chrome: {chromedriverVersion: 104.0.5112.79 (3cf3e8c8a07d..., userDataDir: C:\Users\JOHNSA~1\AppData\L...}, goog:chromeOptions: {debuggerAddress: localhost:61303}, javascriptEnabled: true, networkConnectionEnabled: false, pageLoadStrategy: normal, platform: WINDOWS, platformName: WINDOWS, proxy: Proxy(), setWindowRect: true, strictFileInteractability: false, timeouts: {implicit: 0, pageLoad: 300000, script: 30000}, unhandledPromptBehavior: dismiss and notify, webauthn:extension:credBlob: true, webauthn:extension:largeBlob: true, webauthn:virtualAuthenticators: true}
Session ID: e26d3fd3ede7492441030b1e0a263ac4
*** Element info: {Using=xpath, value=//div[contains(text(),'Ideos X5')]}
	at sun.reflect.NativeConstructorAccessorImpl.newInstance0(Native Method)
	at sun.reflect.NativeConstructorAccessorImpl.newInstance(NativeConstructorAccessorImpl.java:62)
	at sun.reflect.DelegatingConstructorAccessorImpl.newInstance(DelegatingConstructorAccessorImpl.java:45)
	at java.lang.reflect.Constructor.newInstance(Constructor.java:423)
	at org.openqa.selenium.remote.http.W3CHttpResponseCodec.createException(W3CHttpResponseCodec.java:187)
	at org.openqa.selenium.remote.http.W3CHttpResponseCodec.decode(W3CHttpResponseCodec.java:122)
	at org.openqa.selenium.remote.http.W3CHttpResponseCodec.decode(W3CHttpResponseCodec.java:49)
	at org.openqa.selenium.remote.HttpCommandExecutor.execute(HttpCommandExecutor.java:158)
	at org.openqa.selenium.remote.service.DriverCommandExecutor.execute(DriverCommandExecutor.java:83)
	at org.openqa.selenium.remote.RemoteWebDriver.execute(RemoteWebDriver.java:552)
	at org.openqa.selenium.remote.RemoteWebDriver.findElement(RemoteWebDriver.java:323)
	at org.openqa.selenium.remote.RemoteWebDriver.findElementByXPath(RemoteWebDriver.java:428)
	at org.openqa.selenium.By$ByXPath.findElement(By.java:353)
	at org.openqa.selenium.remote.RemoteWebDriver.findElement(RemoteWebDriver.java:315)
	at net.thucydides.core.webdriver.WebDriverFacade.findElement(WebDriverFacade.java:222)
	at net.serenitybdd.core.pages.WebElementResolverByLocator.resolveForDriver(WebElementResolverByLocator.java:18)
	at net.serenitybdd.core.pages.WebElementFacadeImpl.getElement(WebElementFacadeImpl.java:221)
	at net.serenitybdd.core.pages.WebElementExpectations$3.apply(WebElementExpectations.java:63)
	at net.serenitybdd.core.pages.WebElementExpectations$3.apply(WebElementExpectations.java:55)
	at org.openqa.selenium.support.ui.FluentWait.until(FluentWait.java:249)
	at net.serenitybdd.core.pages.WebElementFacadeImpl.waitUntilEnabled(WebElementFacadeImpl.java:1146)
	at net.serenitybdd.core.pages.WebElementFacadeImpl.waitUntilElementAvailable(WebElementFacadeImpl.java:954)
	at net.serenitybdd.core.pages.WebElementFacadeImpl.click(WebElementFacadeImpl.java:1229)
	at net.serenitybdd.screenplay.actions.ClickOnTarget.performAs(ClickOnTarget.java:13)
	at net.serenitybdd.screenplay.actions.ClickOnTarget$ByteBuddy$9mnMbmAa.performAs$accessor$pTeY1Fkm(Unknown Source)
	at sun.reflect.NativeMethodAccessorImpl.invoke0(Native Method)
	at sun.reflect.NativeMethodAccessorImpl.invoke(NativeMethodAccessorImpl.java:62)
	at sun.reflect.DelegatingMethodAccessorImpl.invoke(DelegatingMethodAccessorImpl.java:43)
	at java.lang.reflect.Method.invoke(Method.java:498)
	at net.thucydides.core.steps.StepInterceptor.invokeMethod(StepInterceptor.java:471)
	at net.thucydides.core.steps.StepInterceptor.executeTestStepMethod(StepInterceptor.java:451)
	at net.thucydides.core.steps.StepInterceptor.runTestStep(StepInterceptor.java:424)
	at net.thucydides.core.steps.StepInterceptor.runOrSkipMethod(StepInterceptor.java:180)
	at net.thucydides.core.steps.StepInterceptor.testStepResult(StepInterceptor.java:167)
	at net.thucydides.core.steps.StepInterceptor.intercept(StepInterceptor.java:75)
	at net.serenitybdd.screenplay.actions.ClickOnTarget$ByteBuddy$9mnMbmAa.performAs(Unknown Source)
	at net.serenitybdd.screenplay.Actor.performTask(Actor.java:233)
	at net.serenitybdd.screenplay.Actor.perform(Actor.java:214)
	at net.serenitybdd.screenplay.Actor.attemptsTo(Actor.java:171)
	at co.com.choucair.certification.testjoin.tasks.IngresarInfoDevices.performAs(IngresarInfoDevices.java:30)
	at co.com.choucair.certification.testjoin.tasks.IngresarInfoDevices$ByteBuddy$M3rmw9e9.performAs$accessor$Hg57npbp(Unknown Source)
	at sun.reflect.NativeMethodAccessorImpl.invoke0(Native Method)
	at sun.reflect.NativeMethodAccessorImpl.invoke(NativeMethodAccessorImpl.java:62)
	at sun.reflect.DelegatingMethodAccessorImpl.invoke(DelegatingMethodAccessorImpl.java:43)
	at java.lang.reflect.Method.invoke(Method.java:498)
	at net.thucydides.core.steps.StepInterceptor.invokeMethod(StepInterceptor.java:471)
	at net.thucydides.core.steps.StepInterceptor.executeTestStepMethod(StepInterceptor.java:451)
	at net.thucydides.core.steps.StepInterceptor.runTestStep(StepInterceptor.java:424)
	at net.thucydides.core.steps.StepInterceptor.runOrSkipMethod(StepInterceptor.java:180)
	at net.thucydides.core.steps.StepInterceptor.testStepResult(StepInterceptor.java:167)
	at net.thucydides.core.steps.StepInterceptor.intercept(StepInterceptor.java:75)
	at co.com.choucair.certification.testjoin.tasks.IngresarInfoDevices$ByteBuddy$M3rmw9e9.performAs(Unknown Source)
	at net.serenitybdd.screenplay.Actor.performTask(Actor.java:233)
	at net.serenitybdd.screenplay.Actor.perform(Actor.java:214)
	at net.serenitybdd.screenplay.Actor.attemptsTo(Actor.java:171)
	at co.com.choucair.certification.testjoin.stepdefinitions.TestJoinStepDefinitions.presionamosElBotonRegistrar(TestJoinStepDefinitions.java:36)
	at sun.reflect.NativeMethodAccessorImpl.invoke0(Native Method)
	at sun.reflect.NativeMethodAccessorImpl.invoke(NativeMethodAccessorImpl.java:62)
	at sun.reflect.DelegatingMethodAccessorImpl.invoke(DelegatingMethodAccessorImpl.java:43)
	at java.lang.reflect.Method.invoke(Method.java:498)
	at cucumber.runtime.Utils$1.call(Utils.java:31)
	at cucumber.runtime.Timeout.timeout(Timeout.java:16)
	at cucumber.runtime.Utils.invoke(Utils.java:25)
	at cucumber.runtime.java.JavaStepDefinition.execute(JavaStepDefinition.java:37)
	at cucumber.runtime.StepDefinitionMatch.runStep(StepDefinitionMatch.java:40)
	at cucumber.api.TestStep.executeStep(TestStep.java:102)
	at cucumber.api.TestStep.run(TestStep.java:83)
	at cucumber.api.TestCase.run(TestCase.java:58)
	at cucumber.runner.Runner.runPickle(Runner.java:80)
	at cucumber.runtime.junit.PickleRunners$NoStepDescriptions.run(PickleRunners.java:140)
	at cucumber.runtime.junit.FeatureRunner.runChild(FeatureRunner.java:68)
	at cucumber.runtime.junit.FeatureRunner.runChild(FeatureRunner.java:23)
	at org.junit.runners.ParentRunner$3.run(ParentRunner.java:290)
	at org.junit.runners.ParentRunner$1.schedule(ParentRunner.java:71)
	at org.junit.runners.ParentRunner.runChildren(ParentRunner.java:288)
	at org.junit.runners.ParentRunner.access$000(ParentRunner.java:58)
	at org.junit.runners.ParentRunner$2.evaluate(ParentRunner.java:268)
	at org.junit.runners.ParentRunner.run(ParentRunner.java:363)
	at cucumber.runtime.junit.FeatureRunner.run(FeatureRunner.java:73)
	at cucumber.api.junit.Cucumber.runChild(Cucumber.java:118)
	at cucumber.api.junit.Cucumber.runChild(Cucumber.java:56)
	at org.junit.runners.ParentRunner$3.run(ParentRunner.java:290)
	at org.junit.runners.ParentRunner$1.schedule(ParentRunner.java:71)
	at org.junit.runners.ParentRunner.runChildren(ParentRunner.java:288)
	at org.junit.runners.ParentRunner.access$000(ParentRunner.java:58)
	at org.junit.runners.ParentRunner$2.evaluate(ParentRunner.java:268)
	at cucumber.api.junit.Cucumber$1.evaluate(Cucumber.java:127)
	at org.junit.runners.ParentRunner.run(ParentRunner.java:363)
	at org.gradle.api.internal.tasks.testing.junit.JUnitTestClassExecutor.runTestClass(JUnitTestClassExecutor.java:110)
	at org.gradle.api.internal.tasks.testing.junit.JUnitTestClassExecutor.execute(JUnitTestClassExecutor.java:58)
	at org.gradle.api.internal.tasks.testing.junit.JUnitTestClassExecutor.execute(JUnitTestClassExecutor.java:38)
	at org.gradle.api.internal.tasks.testing.junit.AbstractJUnitTestClassProcessor.processTestClass(AbstractJUnitTestClassProcessor.java:62)
	at org.gradle.api.internal.tasks.testing.SuiteTestClassProcessor.processTestClass(SuiteTestClassProcessor.java:51)
	at sun.reflect.NativeMethodAccessorImpl.invoke0(Native Method)
	at sun.reflect.NativeMethodAccessorImpl.invoke(NativeMethodAccessorImpl.java:62)
	at sun.reflect.DelegatingMethodAccessorImpl.invoke(DelegatingMethodAccessorImpl.java:43)
	at java.lang.reflect.Method.invoke(Method.java:498)
	at org.gradle.internal.dispatch.ReflectionDispatch.dispatch(ReflectionDispatch.java:36)
	at org.gradle.internal.dispatch.ReflectionDispatch.dispatch(ReflectionDispatch.java:24)
	at org.gradle.internal.dispatch.ContextClassLoaderDispatch.dispatch(ContextClassLoaderDispatch.java:33)
	at org.gradle.internal.dispatch.ProxyDispatchAdapter$DispatchingInvocationHandler.invoke(ProxyDispatchAdapter.java:94)
	at com.sun.proxy.$Proxy2.processTestClass(Unknown Source)
	at org.gradle.api.internal.tasks.testing.worker.TestWorker$2.run(TestWorker.java:176)
	at org.gradle.api.internal.tasks.testing.worker.TestWorker.executeAndMaintainThreadName(TestWorker.java:129)
	at org.gradle.api.internal.tasks.testing.worker.TestWorker.execute(TestWorker.java:100)
	at org.gradle.api.internal.tasks.testing.worker.TestWorker.execute(TestWorker.java:60)
	at org.gradle.process.internal.worker.child.ActionExecutionWorker.execute(ActionExecutionWorker.java:56)
	at org.gradle.process.internal.worker.child.SystemApplicationClassLoaderWorker.call(SystemApplicationClassLoaderWorker.java:133)
	at org.gradle.process.internal.worker.child.SystemApplicationClassLoaderWorker.call(SystemApplicationClassLoaderWorker.java:71)
	at worker.org.gradle.process.internal.worker.GradleWorkerMain.run(GradleWorkerMain.java:69)
	at worker.org.gradle.process.internal.worker.GradleWorkerMain.main(GradleWorkerMain.java:74)
</pre>
</span>
</div>
</div>
<div id="tab1" class="tab">
<h2>Tests</h2>
<table>
<thead>
<tr>
<th>Test</th>
<th>Duration</th>
<th>Result</th>
</tr>
</thead>
<tr>
<td class="failures">Crear un nuevo usuario</td>
<td class="failures">1m10.34s</td>
<td class="failures">failed</td>
</tr>
</table>
</div>
<div id="tab2" class="tab">
<h2>Standard error</h2>
<span class="code">
<pre>[Test worker] WARN net.thucydides.core.steps.BaseStepListener - stepStarted: net.thucydides.core.steps.ExecutedStepDescription@1352f32
[Test worker] WARN net.thucydides.core.steps.BaseStepListener - stepStarted: net.thucydides.core.steps.ExecutedStepDescription@34831b
[Test worker] WARN net.thucydides.core.steps.BaseStepListener - stepStarted: net.thucydides.core.steps.ExecutedStepDescription@bc9f14
ago 26, 2022 11:59:35 AM org.openqa.selenium.remote.DesiredCapabilities chrome
INFORMACIÓN: Using `new ChromeOptions()` is preferred to `DesiredCapabilities.chrome()`
[Test worker] INFO net.serenitybdd.core.webdriver.driverproviders.ProvideNewDriver - Instantiating driver
[Test worker] INFO net.serenitybdd.core.webdriver.driverproviders.ProvideNewDriver - Driver capabilities: Capabilities {acceptInsecureCerts: false, browserName: chrome, chrome.switches: --start-maximized, goog:chromeOptions: {args: [--start-maximized], extensions: []}, loggingPrefs: org.openqa.selenium.logging..., platform: ANY, version: }
Starting ChromeDriver 104.0.5112.79 (3cf3e8c8a07d104b9e1260c910efb8f383285dc5-refs/branch-heads/5112@{#1307}) on port 38670
Only local connections are allowed.
Please see https://chromedriver.chromium.org/security-considerations for suggestions on keeping ChromeDriver safe.
ChromeDriver was started successfully.
ago 26, 2022 11:59:37 AM org.openqa.selenium.remote.ProtocolHandshake createSession
INFORMACIÓN: Detected dialect: W3C
[Test worker] WARN net.thucydides.core.steps.BaseStepListener - stepFinished: current outcome:Crear un nuevo usuario:Dado que queremos acceder a la pagina [John open up [John opens the Choucair test]]
[Test worker] WARN net.thucydides.core.steps.BaseStepListener - stepFinished: current outcome:Crear un nuevo usuario:Dado que queremos acceder a la pagina [John open up [John opens the Choucair test]]
[Test worker] WARN net.thucydides.core.steps.BaseStepListener - stepStarted: net.thucydides.core.steps.ExecutedStepDescription@1ed382c
[Test worker] WARN net.thucydides.core.steps.BaseStepListener - stepStarted: net.thucydides.core.steps.ExecutedStepDescription@5a2baf
[Test worker] WARN net.thucydides.core.steps.BaseStepListener - stepFinished: current outcome:Crear un nuevo usuario:Dado que queremos acceder a la pagina [John open up [John opens the Choucair test], John login [John clicks on Selecciona el boton Join Today]]
[Test worker] WARN net.thucydides.core.steps.BaseStepListener - stepFinished: current outcome:Crear un nuevo usuario:Dado que queremos acceder a la pagina [John open up [John opens the Choucair test], John login [John clicks on Selecciona el boton Join Today]]
[Test worker] WARN net.thucydides.core.steps.BaseStepListener - stepFinished: current outcome:Crear un nuevo usuario:Dado que queremos acceder a la pagina [John open up [John opens the Choucair test], John login [John clicks on Selecciona el boton Join Today]]
[Test worker] WARN net.thucydides.core.steps.BaseStepListener - stepStarted: net.thucydides.core.steps.ExecutedStepDescription@da1abc
[Test worker] WARN net.thucydides.core.steps.BaseStepListener - stepStarted: net.thucydides.core.steps.ExecutedStepDescription@1ab310b
[Test worker] WARN net.thucydides.core.steps.BaseStepListener - stepStarted: net.thucydides.core.steps.ExecutedStepDescription@369270
[Test worker] WARN net.thucydides.core.steps.BaseStepListener - stepFinished: current outcome:Crear un nuevo usuario:Dado que queremos acceder a la pagina [John open up [John opens the Choucair test], John login [John clicks on Selecciona el boton Join Today]], Cuando presionamos el boton registrar [John ingresar info [John enters 'John' into Selecciona el campo Name, para iniciar]]
[Test worker] WARN net.thucydides.core.steps.BaseStepListener - stepStarted: net.thucydides.core.steps.ExecutedStepDescription@1940e2f
[Test worker] WARN net.thucydides.core.steps.BaseStepListener - stepFinished: current outcome:Crear un nuevo usuario:Dado que queremos acceder a la pagina [John open up [John opens the Choucair test], John login [John clicks on Selecciona el boton Join Today]], Cuando presionamos el boton registrar [John ingresar info [John enters 'John' into Selecciona el campo Name, para iniciar, John enters 'Sanchez' into Selecciona el campo Last Name]]
[Test worker] WARN net.thucydides.core.steps.BaseStepListener - stepStarted: net.thucydides.core.steps.ExecutedStepDescription@225820
[Test worker] WARN net.thucydides.core.steps.BaseStepListener - stepFinished: current outcome:Crear un nuevo usuario:Dado que queremos acceder a la pagina [John open up [John opens the Choucair test], John login [John clicks on Selecciona el boton Join Today]], Cuando presionamos el boton registrar [John ingresar info [John enters 'John' into Selecciona el campo Name, para iniciar, John enters 'Sanchez' into Selecciona el campo Last Name, John enters 'ejemplo2022@hotmail.com' into Selecciona el campo Email]]
[Test worker] WARN net.thucydides.core.steps.BaseStepListener - stepStarted: net.thucydides.core.steps.ExecutedStepDescription@134052
[Test worker] WARN net.thucydides.core.steps.BaseStepListener - stepFinished: current outcome:Crear un nuevo usuario:Dado que queremos acceder a la pagina [John open up [John opens the Choucair test], John login [John clicks on Selecciona el boton Join Today]], Cuando presionamos el boton registrar [John ingresar info [John enters 'John' into Selecciona el campo Name, para iniciar, John enters 'Sanchez' into Selecciona el campo Last Name, John enters 'ejemplo2022@hotmail.com' into Selecciona el campo Email, John selects December]]
[Test worker] WARN net.thucydides.core.steps.BaseStepListener - stepStarted: net.thucydides.core.steps.ExecutedStepDescription@183b48a
[Test worker] WARN net.thucydides.core.steps.BaseStepListener - stepFinished: current outcome:Crear un nuevo usuario:Dado que queremos acceder a la pagina [John open up [John opens the Choucair test], John login [John clicks on Selecciona el boton Join Today]], Cuando presionamos el boton registrar [John ingresar info [John enters 'John' into Selecciona el campo Name, para iniciar, John enters 'Sanchez' into Selecciona el campo Last Name, John enters 'ejemplo2022@hotmail.com' into Selecciona el campo Email, John selects December, John selects 5]]
[Test worker] WARN net.thucydides.core.steps.BaseStepListener - stepStarted: net.thucydides.core.steps.ExecutedStepDescription@10c3951
[Test worker] WARN net.thucydides.core.steps.BaseStepListener - stepFinished: current outcome:Crear un nuevo usuario:Dado que queremos acceder a la pagina [John open up [John opens the Choucair test], John login [John clicks on Selecciona el boton Join Today]], Cuando presionamos el boton registrar [John ingresar info [John enters 'John' into Selecciona el campo Name, para iniciar, John enters 'Sanchez' into Selecciona el campo Last Name, John enters 'ejemplo2022@hotmail.com' into Selecciona el campo Email, John selects December, John selects 5, John selects 1984]]
[Test worker] WARN net.thucydides.core.steps.BaseStepListener - stepStarted: net.thucydides.core.steps.ExecutedStepDescription@1c6da03
[Test worker] WARN net.thucydides.core.steps.BaseStepListener - stepFinished: current outcome:Crear un nuevo usuario:Dado que queremos acceder a la pagina [John open up [John opens the Choucair test], John login [John clicks on Selecciona el boton Join Today]], Cuando presionamos el boton registrar [John ingresar info [John enters 'John' into Selecciona el campo Name, para iniciar, John enters 'Sanchez' into Selecciona el campo Last Name, John enters 'ejemplo2022@hotmail.com' into Selecciona el campo Email, John selects December, John selects 5, John selects 1984, John clicks on Selecciona el boton Join Next despues de llenar los primeros datos]]
[Test worker] WARN net.thucydides.core.steps.BaseStepListener - stepFinished: current outcome:Crear un nuevo usuario:Dado que queremos acceder a la pagina [John open up [John opens the Choucair test], John login [John clicks on Selecciona el boton Join Today]], Cuando presionamos el boton registrar [John ingresar info [John enters 'John' into Selecciona el campo Name, para iniciar, John enters 'Sanchez' into Selecciona el campo Last Name, John enters 'ejemplo2022@hotmail.com' into Selecciona el campo Email, John selects December, John selects 5, John selects 1984, John clicks on Selecciona el boton Join Next despues de llenar los primeros datos]]
[Test worker] WARN net.thucydides.core.steps.BaseStepListener - stepStarted: net.thucydides.core.steps.ExecutedStepDescription@142e06e
[Test worker] WARN net.thucydides.core.steps.BaseStepListener - stepStarted: net.thucydides.core.steps.ExecutedStepDescription@e17eff
[Test worker] WARN net.thucydides.core.steps.BaseStepListener - stepFinished: current outcome:Crear un nuevo usuario:Dado que queremos acceder a la pagina [John open up [John opens the Choucair test], John login [John clicks on Selecciona el boton Join Today]], Cuando presionamos el boton registrar [John ingresar info [John enters 'John' into Selecciona el campo Name, para iniciar, John enters 'Sanchez' into Selecciona el campo Last Name, John enters 'ejemplo2022@hotmail.com' into Selecciona el campo Email, John selects December, John selects 5, John selects 1984, John clicks on Selecciona el boton Join Next despues de llenar los primeros datos], John ingresar info adress [John enters ' ' into Selecciona el campo City]]
[Test worker] WARN net.thucydides.core.steps.BaseStepListener - stepStarted: net.thucydides.core.steps.ExecutedStepDescription@1464510
[Test worker] WARN net.thucydides.core.steps.BaseStepListener - stepFinished: current outcome:Crear un nuevo usuario:Dado que queremos acceder a la pagina [John open up [John opens the Choucair test], John login [John clicks on Selecciona el boton Join Today]], Cuando presionamos el boton registrar [John ingresar info [John enters 'John' into Selecciona el campo Name, para iniciar, John enters 'Sanchez' into Selecciona el campo Last Name, John enters 'ejemplo2022@hotmail.com' into Selecciona el campo Email, John selects December, John selects 5, John selects 1984, John clicks on Selecciona el boton Join Next despues de llenar los primeros datos], John ingresar info adress [John enters ' ' into Selecciona el campo City, John enters 'Oslo' into Selecciona el campo City]]
[Test worker] WARN net.thucydides.core.steps.BaseStepListener - stepStarted: net.thucydides.core.steps.ExecutedStepDescription@1a7c93e
[Test worker] WARN net.thucydides.core.steps.BaseStepListener - stepFinished: current outcome:Crear un nuevo usuario:Dado que queremos acceder a la pagina [John open up [John opens the Choucair test], John login [John clicks on Selecciona el boton Join Today]], Cuando presionamos el boton registrar [John ingresar info [John enters 'John' into Selecciona el campo Name, para iniciar, John enters 'Sanchez' into Selecciona el campo Last Name, John enters 'ejemplo2022@hotmail.com' into Selecciona el campo Email, John selects December, John selects 5, John selects 1984, John clicks on Selecciona el boton Join Next despues de llenar los primeros datos], John ingresar info adress [John enters ' ' into Selecciona el campo City, John enters 'Oslo' into Selecciona el campo City, John clicks on Selecciona el campo City y le pasa un valor, despues se le vuelve a pasar para que lo reconozca]]
[Test worker] WARN net.thucydides.core.steps.BaseStepListener - stepStarted: net.thucydides.core.steps.ExecutedStepDescription@13e3085
[Test worker] WARN net.thucydides.core.steps.BaseStepListener - stepFinished: current outcome:Crear un nuevo usuario:Dado que queremos acceder a la pagina [John open up [John opens the Choucair test], John login [John clicks on Selecciona el boton Join Today]], Cuando presionamos el boton registrar [John ingresar info [John enters 'John' into Selecciona el campo Name, para iniciar, John enters 'Sanchez' into Selecciona el campo Last Name, John enters 'ejemplo2022@hotmail.com' into Selecciona el campo Email, John selects December, John selects 5, John selects 1984, John clicks on Selecciona el boton Join Next despues de llenar los primeros datos], John ingresar info adress [John enters ' ' into Selecciona el campo City, John enters 'Oslo' into Selecciona el campo City, John clicks on Selecciona el campo City y le pasa un valor, despues se le vuelve a pasar para que lo reconozca, John enters '000000' into Selecciona el campo Postal Code]]
[Test worker] WARN net.thucydides.core.steps.BaseStepListener - stepStarted: net.thucydides.core.steps.ExecutedStepDescription@716259
[Test worker] WARN net.thucydides.core.steps.BaseStepListener - stepFinished: current outcome:Crear un nuevo usuario:Dado que queremos acceder a la pagina [John open up [John opens the Choucair test], John login [John clicks on Selecciona el boton Join Today]], Cuando presionamos el boton registrar [John ingresar info [John enters 'John' into Selecciona el campo Name, para iniciar, John enters 'Sanchez' into Selecciona el campo Last Name, John enters 'ejemplo2022@hotmail.com' into Selecciona el campo Email, John selects December, John selects 5, John selects 1984, John clicks on Selecciona el boton Join Next despues de llenar los primeros datos], John ingresar info adress [John enters ' ' into Selecciona el campo City, John enters 'Oslo' into Selecciona el campo City, John clicks on Selecciona el campo City y le pasa un valor, despues se le vuelve a pasar para que lo reconozca, John enters '000000' into Selecciona el campo Postal Code, John clicks on Selecciona el campo Pais]]
[Test worker] WARN net.thucydides.core.steps.BaseStepListener - stepStarted: net.thucydides.core.steps.ExecutedStepDescription@13eb1ba
[Test worker] WARN net.thucydides.core.steps.BaseStepListener - stepFinished: current outcome:Crear un nuevo usuario:Dado que queremos acceder a la pagina [John open up [John opens the Choucair test], John login [John clicks on Selecciona el boton Join Today]], Cuando presionamos el boton registrar [John ingresar info [John enters 'John' into Selecciona el campo Name, para iniciar, John enters 'Sanchez' into Selecciona el campo Last Name, John enters 'ejemplo2022@hotmail.com' into Selecciona el campo Email, John selects December, John selects 5, John selects 1984, John clicks on Selecciona el boton Join Next despues de llenar los primeros datos], John ingresar info adress [John enters ' ' into Selecciona el campo City, John enters 'Oslo' into Selecciona el campo City, John clicks on Selecciona el campo City y le pasa un valor, despues se le vuelve a pasar para que lo reconozca, John enters '000000' into Selecciona el campo Postal Code, John clicks on Selecciona el campo Pais, John clicks on Inserta el pais desde donde se encuentra]]
[Test worker] WARN net.thucydides.core.steps.BaseStepListener - stepStarted: net.thucydides.core.steps.ExecutedStepDescription@566922
[Test worker] WARN net.thucydides.core.steps.BaseStepListener - stepFinished: current outcome:Crear un nuevo usuario:Dado que queremos acceder a la pagina [John open up [John opens the Choucair test], John login [John clicks on Selecciona el boton Join Today]], Cuando presionamos el boton registrar [John ingresar info [John enters 'John' into Selecciona el campo Name, para iniciar, John enters 'Sanchez' into Selecciona el campo Last Name, John enters 'ejemplo2022@hotmail.com' into Selecciona el campo Email, John selects December, John selects 5, John selects 1984, John clicks on Selecciona el boton Join Next despues de llenar los primeros datos], John ingresar info adress [John enters ' ' into Selecciona el campo City, John enters 'Oslo' into Selecciona el campo City, John clicks on Selecciona el campo City y le pasa un valor, despues se le vuelve a pasar para que lo reconozca, John enters '000000' into Selecciona el campo Postal Code, John clicks on Selecciona el campo Pais, John clicks on Inserta el pais desde donde se encuentra, John clicks on Boton que nos permite continuar con el registro]]
[Test worker] WARN net.thucydides.core.steps.BaseStepListener - stepFinished: current outcome:Crear un nuevo usuario:Dado que queremos acceder a la pagina [John open up [John opens the Choucair test], John login [John clicks on Selecciona el boton Join Today]], Cuando presionamos el boton registrar [John ingresar info [John enters 'John' into Selecciona el campo Name, para iniciar, John enters 'Sanchez' into Selecciona el campo Last Name, John enters 'ejemplo2022@hotmail.com' into Selecciona el campo Email, John selects December, John selects 5, John selects 1984, John clicks on Selecciona el boton Join Next despues de llenar los primeros datos], John ingresar info adress [John enters ' ' into Selecciona el campo City, John enters 'Oslo' into Selecciona el campo City, John clicks on Selecciona el campo City y le pasa un valor, despues se le vuelve a pasar para que lo reconozca, John enters '000000' into Selecciona el campo Postal Code, John clicks on Selecciona el campo Pais, John clicks on Inserta el pais desde donde se encuentra, John clicks on Boton que nos permite continuar con el registro]]
[Test worker] WARN net.thucydides.core.steps.BaseStepListener - stepStarted: net.thucydides.core.steps.ExecutedStepDescription@dff901
[Test worker] WARN net.thucydides.core.steps.BaseStepListener - stepStarted: net.thucydides.core.steps.ExecutedStepDescription@197907c
[Test worker] WARN net.thucydides.core.steps.BaseStepListener - stepFinished: current outcome:Crear un nuevo usuario:Dado que queremos acceder a la pagina [John open up [John opens the Choucair test], John login [John clicks on Selecciona el boton Join Today]], Cuando presionamos el boton registrar [John ingresar info [John enters 'John' into Selecciona el campo Name, para iniciar, John enters 'Sanchez' into Selecciona el campo Last Name, John enters 'ejemplo2022@hotmail.com' into Selecciona el campo Email, John selects December, John selects 5, John selects 1984, John clicks on Selecciona el boton Join Next despues de llenar los primeros datos], John ingresar info adress [John enters ' ' into Selecciona el campo City, John enters 'Oslo' into Selecciona el campo City, John clicks on Selecciona el campo City y le pasa un valor, despues se le vuelve a pasar para que lo reconozca, John enters '000000' into Selecciona el campo Postal Code, John clicks on Selecciona el campo Pais, John clicks on Inserta el pais desde donde se encuentra, John clicks on Boton que nos permite continuar con el registro], John ingresar info devices [John clicks on Selecciona el campo  Your Computer]]
[Test worker] WARN net.thucydides.core.steps.BaseStepListener - stepStarted: net.thucydides.core.steps.ExecutedStepDescription@5df615
[Test worker] WARN net.thucydides.core.steps.BaseStepListener - stepFinished: current outcome:Crear un nuevo usuario:Dado que queremos acceder a la pagina [John open up [John opens the Choucair test], John login [John clicks on Selecciona el boton Join Today]], Cuando presionamos el boton registrar [John ingresar info [John enters 'John' into Selecciona el campo Name, para iniciar, John enters 'Sanchez' into Selecciona el campo Last Name, John enters 'ejemplo2022@hotmail.com' into Selecciona el campo Email, John selects December, John selects 5, John selects 1984, John clicks on Selecciona el boton Join Next despues de llenar los primeros datos], John ingresar info adress [John enters ' ' into Selecciona el campo City, John enters 'Oslo' into Selecciona el campo City, John clicks on Selecciona el campo City y le pasa un valor, despues se le vuelve a pasar para que lo reconozca, John enters '000000' into Selecciona el campo Postal Code, John clicks on Selecciona el campo Pais, John clicks on Inserta el pais desde donde se encuentra, John clicks on Boton que nos permite continuar con el registro], John ingresar info devices [John clicks on Selecciona el campo  Your Computer, John clicks on Inserta el OS con el cual esta trabajando en la computadora]]
[Test worker] WARN net.thucydides.core.steps.BaseStepListener - stepStarted: net.thucydides.core.steps.ExecutedStepDescription@83ccd2
[Test worker] WARN net.thucydides.core.steps.BaseStepListener - stepFinished: current outcome:Crear un nuevo usuario:Dado que queremos acceder a la pagina [John open up [John opens the Choucair test], John login [John clicks on Selecciona el boton Join Today]], Cuando presionamos el boton registrar [John ingresar info [John enters 'John' into Selecciona el campo Name, para iniciar, John enters 'Sanchez' into Selecciona el campo Last Name, John enters 'ejemplo2022@hotmail.com' into Selecciona el campo Email, John selects December, John selects 5, John selects 1984, John clicks on Selecciona el boton Join Next despues de llenar los primeros datos], John ingresar info adress [John enters ' ' into Selecciona el campo City, John enters 'Oslo' into Selecciona el campo City, John clicks on Selecciona el campo City y le pasa un valor, despues se le vuelve a pasar para que lo reconozca, John enters '000000' into Selecciona el campo Postal Code, John clicks on Selecciona el campo Pais, John clicks on Inserta el pais desde donde se encuentra, John clicks on Boton que nos permite continuar con el registro], John ingresar info devices [John clicks on Selecciona el campo  Your Computer, John clicks on Inserta el OS con el cual esta trabajando en la computadora, John clicks on Selecciona el campo version del OS]]
[Test worker] WARN net.thucydides.core.steps.BaseStepListener - stepStarted: net.thucydides.core.steps.ExecutedStepDescription@1a86cb8
[Test worker] WARN net.thucydides.core.steps.BaseStepListener - stepFinished: current outcome:Crear un nuevo usuario:Dado que queremos acceder a la pagina [John open up [John opens the Choucair test], John login [John clicks on Selecciona el boton Join Today]], Cuando presionamos el boton registrar [John ingresar info [John enters 'John' into Selecciona el campo Name, para iniciar, John enters 'Sanchez' into Selecciona el campo Last Name, John enters 'ejemplo2022@hotmail.com' into Selecciona el campo Email, John selects December, John selects 5, John selects 1984, John clicks on Selecciona el boton Join Next despues de llenar los primeros datos], John ingresar info adress [John enters ' ' into Selecciona el campo City, John enters 'Oslo' into Selecciona el campo City, John clicks on Selecciona el campo City y le pasa un valor, despues se le vuelve a pasar para que lo reconozca, John enters '000000' into Selecciona el campo Postal Code, John clicks on Selecciona el campo Pais, John clicks on Inserta el pais desde donde se encuentra, John clicks on Boton que nos permite continuar con el registro], John ingresar info devices [John clicks on Selecciona el campo  Your Computer, John clicks on Inserta el OS con el cual esta trabajando en la computadora, John clicks on Selecciona el campo version del OS, John clicks on Inserta la version del sistema operativo con el cual esta trabajando]]
[Test worker] WARN net.thucydides.core.steps.BaseStepListener - stepStarted: net.thucydides.core.steps.ExecutedStepDescription@15fcfe9
[Test worker] WARN net.thucydides.core.steps.BaseStepListener - stepFinished: current outcome:Crear un nuevo usuario:Dado que queremos acceder a la pagina [John open up [John opens the Choucair test], John login [John clicks on Selecciona el boton Join Today]], Cuando presionamos el boton registrar [John ingresar info [John enters 'John' into Selecciona el campo Name, para iniciar, John enters 'Sanchez' into Selecciona el campo Last Name, John enters 'ejemplo2022@hotmail.com' into Selecciona el campo Email, John selects December, John selects 5, John selects 1984, John clicks on Selecciona el boton Join Next despues de llenar los primeros datos], John ingresar info adress [John enters ' ' into Selecciona el campo City, John enters 'Oslo' into Selecciona el campo City, John clicks on Selecciona el campo City y le pasa un valor, despues se le vuelve a pasar para que lo reconozca, John enters '000000' into Selecciona el campo Postal Code, John clicks on Selecciona el campo Pais, John clicks on Inserta el pais desde donde se encuentra, John clicks on Boton que nos permite continuar con el registro], John ingresar info devices [John clicks on Selecciona el campo  Your Computer, John clicks on Inserta el OS con el cual esta trabajando en la computadora, John clicks on Selecciona el campo version del OS, John clicks on Inserta la version del sistema operativo con el cual esta trabajando, John clicks on Selecciona el campo para ingresar el Leguaje de su PC]]
[Test worker] WARN net.thucydides.core.steps.BaseStepListener - stepStarted: net.thucydides.core.steps.ExecutedStepDescription@fe272f
[Test worker] WARN net.thucydides.core.steps.BaseStepListener - stepFinished: current outcome:Crear un nuevo usuario:Dado que queremos acceder a la pagina [John open up [John opens the Choucair test], John login [John clicks on Selecciona el boton Join Today]], Cuando presionamos el boton registrar [John ingresar info [John enters 'John' into Selecciona el campo Name, para iniciar, John enters 'Sanchez' into Selecciona el campo Last Name, John enters 'ejemplo2022@hotmail.com' into Selecciona el campo Email, John selects December, John selects 5, John selects 1984, John clicks on Selecciona el boton Join Next despues de llenar los primeros datos], John ingresar info adress [John enters ' ' into Selecciona el campo City, John enters 'Oslo' into Selecciona el campo City, John clicks on Selecciona el campo City y le pasa un valor, despues se le vuelve a pasar para que lo reconozca, John enters '000000' into Selecciona el campo Postal Code, John clicks on Selecciona el campo Pais, John clicks on Inserta el pais desde donde se encuentra, John clicks on Boton que nos permite continuar con el registro], John ingresar info devices [John clicks on Selecciona el campo  Your Computer, John clicks on Inserta el OS con el cual esta trabajando en la computadora, John clicks on Selecciona el campo version del OS, John clicks on Inserta la version del sistema operativo con el cual esta trabajando, John clicks on Selecciona el campo para ingresar el Leguaje de su PC, John clicks on Inserta Leguaje de su PC]]
[Test worker] WARN net.thucydides.core.steps.BaseStepListener - stepStarted: net.thucydides.core.steps.ExecutedStepDescription@d5a317
[Test worker] WARN net.thucydides.core.steps.BaseStepListener - stepFinished: current outcome:Crear un nuevo usuario:Dado que queremos acceder a la pagina [John open up [John opens the Choucair test], John login [John clicks on Selecciona el boton Join Today]], Cuando presionamos el boton registrar [John ingresar info [John enters 'John' into Selecciona el campo Name, para iniciar, John enters 'Sanchez' into Selecciona el campo Last Name, John enters 'ejemplo2022@hotmail.com' into Selecciona el campo Email, John selects December, John selects 5, John selects 1984, John clicks on Selecciona el boton Join Next despues de llenar los primeros datos], John ingresar info adress [John enters ' ' into Selecciona el campo City, John enters 'Oslo' into Selecciona el campo City, John clicks on Selecciona el campo City y le pasa un valor, despues se le vuelve a pasar para que lo reconozca, John enters '000000' into Selecciona el campo Postal Code, John clicks on Selecciona el campo Pais, John clicks on Inserta el pais desde donde se encuentra, John clicks on Boton que nos permite continuar con el registro], John ingresar info devices [John clicks on Selecciona el campo  Your Computer, John clicks on Inserta el OS con el cual esta trabajando en la computadora, John clicks on Selecciona el campo version del OS, John clicks on Inserta la version del sistema operativo con el cual esta trabajando, John clicks on Selecciona el campo para ingresar el Leguaje de su PC, John clicks on Inserta Leguaje de su PC, John clicks on Selecciona el campo tipo de dispositivo mobil]]
[Test worker] WARN net.thucydides.core.steps.BaseStepListener - stepStarted: net.thucydides.core.steps.ExecutedStepDescription@a3cc88
[Test worker] WARN net.thucydides.core.steps.BaseStepListener - stepFinished: current outcome:Crear un nuevo usuario:Dado que queremos acceder a la pagina [John open up [John opens the Choucair test], John login [John clicks on Selecciona el boton Join Today]], Cuando presionamos el boton registrar [John ingresar info [John enters 'John' into Selecciona el campo Name, para iniciar, John enters 'Sanchez' into Selecciona el campo Last Name, John enters 'ejemplo2022@hotmail.com' into Selecciona el campo Email, John selects December, John selects 5, John selects 1984, John clicks on Selecciona el boton Join Next despues de llenar los primeros datos], John ingresar info adress [John enters ' ' into Selecciona el campo City, John enters 'Oslo' into Selecciona el campo City, John clicks on Selecciona el campo City y le pasa un valor, despues se le vuelve a pasar para que lo reconozca, John enters '000000' into Selecciona el campo Postal Code, John clicks on Selecciona el campo Pais, John clicks on Inserta el pais desde donde se encuentra, John clicks on Boton que nos permite continuar con el registro], John ingresar info devices [John clicks on Selecciona el campo  Your Computer, John clicks on Inserta el OS con el cual esta trabajando en la computadora, John clicks on Selecciona el campo version del OS, John clicks on Inserta la version del sistema operativo con el cual esta trabajando, John clicks on Selecciona el campo para ingresar el Leguaje de su PC, John clicks on Inserta Leguaje de su PC, John clicks on Selecciona el campo tipo de dispositivo mobil, John clicks on Inserta el tipo de dispositivo mobil]]
[Test worker] WARN net.thucydides.core.steps.BaseStepListener - stepStarted: net.thucydides.core.steps.ExecutedStepDescription@1962b2f
[Test worker] WARN net.thucydides.core.steps.BaseStepListener - stepFinished: current outcome:Crear un nuevo usuario:Dado que queremos acceder a la pagina [John open up [John opens the Choucair test], John login [John clicks on Selecciona el boton Join Today]], Cuando presionamos el boton registrar [John ingresar info [John enters 'John' into Selecciona el campo Name, para iniciar, John enters 'Sanchez' into Selecciona el campo Last Name, John enters 'ejemplo2022@hotmail.com' into Selecciona el campo Email, John selects December, John selects 5, John selects 1984, John clicks on Selecciona el boton Join Next despues de llenar los primeros datos], John ingresar info adress [John enters ' ' into Selecciona el campo City, John enters 'Oslo' into Selecciona el campo City, John clicks on Selecciona el campo City y le pasa un valor, despues se le vuelve a pasar para que lo reconozca, John enters '000000' into Selecciona el campo Postal Code, John clicks on Selecciona el campo Pais, John clicks on Inserta el pais desde donde se encuentra, John clicks on Boton que nos permite continuar con el registro], John ingresar info devices [John clicks on Selecciona el campo  Your Computer, John clicks on Inserta el OS con el cual esta trabajando en la computadora, John clicks on Selecciona el campo version del OS, John clicks on Inserta la version del sistema operativo con el cual esta trabajando, John clicks on Selecciona el campo para ingresar el Leguaje de su PC, John clicks on Inserta Leguaje de su PC, John clicks on Selecciona el campo tipo de dispositivo mobil, John clicks on Inserta el tipo de dispositivo mobil, John clicks on Selecciona el campo  modelo de dispositivo mobil]]
[Test worker] WARN net.thucydides.core.webdriver.WebDriverFacade - Failed to take screenshot (invalid argument: No target with given id found
  (Session info: chrome=104.0.5112.102)
Build info: version: '3.141.59', revision: 'e82be7d358', time: '2018-11-14T08:17:03'
System info: host: 'PC-JOHN', ip: '192.168.56.1', os.name: 'Windows 10', os.arch: 'x86', os.version: '10.0', java.version: '1.8.0_301'
Driver info: org.openqa.selenium.chrome.ChromeDriver
Capabilities {acceptInsecureCerts: false, browserName: chrome, browserVersion: 104.0.5112.102, chrome: {chromedriverVersion: 104.0.5112.79 (3cf3e8c8a07d..., userDataDir: C:\Users\JOHNSA~1\AppData\L...}, goog:chromeOptions: {debuggerAddress: localhost:61303}, javascriptEnabled: true, networkConnectionEnabled: false, pageLoadStrategy: normal, platform: WINDOWS, platformName: WINDOWS, proxy: Proxy(), setWindowRect: true, strictFileInteractability: false, timeouts: {implicit: 0, pageLoad: 300000, script: 30000}, unhandledPromptBehavior: dismiss and notify, webauthn:extension:credBlob: true, webauthn:extension:largeBlob: true, webauthn:virtualAuthenticators: true}
Session ID: e26d3fd3ede7492441030b1e0a263ac4)
[Test worker] WARN net.thucydides.core.steps.BaseStepListener - stepStarted: net.thucydides.core.steps.ExecutedStepDescription@f2f7ad
[1661533206.875][WARNING]: Timed out connecting to Chrome, retrying...
[1661533217.327][WARNING]: Timed out connecting to Chrome, retrying...
[1661533227.783][WARNING]: Timed out connecting to Chrome, retrying...
[1661533238.222][WARNING]: Timed out connecting to Chrome, retrying...
[Test worker] WARN net.thucydides.core.steps.BaseStepListener - stepStarted: net.thucydides.core.steps.ExecutedStepDescription@14fdf0
[Test worker] WARN net.thucydides.core.steps.BaseStepListener - testFinished: Crear un nuevo usuario:Dado que queremos acceder a la pagina [John open up [John opens the Choucair test], John login [John clicks on Selecciona el boton Join Today]], Cuando presionamos el boton registrar [John ingresar info [John enters 'John' into Selecciona el campo Name, para iniciar, John enters 'Sanchez' into Selecciona el campo Last Name, John enters 'ejemplo2022@hotmail.com' into Selecciona el campo Email, John selects December, John selects 5, John selects 1984, John clicks on Selecciona el boton Join Next despues de llenar los primeros datos], John ingresar info adress [John enters ' ' into Selecciona el campo City, John enters 'Oslo' into Selecciona el campo City, John clicks on Selecciona el campo City y le pasa un valor, despues se le vuelve a pasar para que lo reconozca, John enters '000000' into Selecciona el campo Postal Code, John clicks on Selecciona el campo Pais, John clicks on Inserta el pais desde donde se encuentra, John clicks on Boton que nos permite continuar con el registro], John ingresar info devices [John clicks on Selecciona el campo  Your Computer, John clicks on Inserta el OS con el cual esta trabajando en la computadora, John clicks on Selecciona el campo version del OS, John clicks on Inserta la version del sistema operativo con el cual esta trabajando, John clicks on Selecciona el campo para ingresar el Leguaje de su PC, John clicks on Inserta Leguaje de su PC, John clicks on Selecciona el campo tipo de dispositivo mobil, John clicks on Inserta el tipo de dispositivo mobil, John clicks on Selecciona el campo  modelo de dispositivo mobil, John clicks on Inserta el modelo del dispositivo mobil]], Entonces quedamos logueados correctamente y con una cuenta creada
[Test worker] WARN net.thucydides.core.steps.BaseStepListener - TestOutcomes: [Crear un nuevo usuario:Dado que queremos acceder a la pagina [John open up [John opens the Choucair test], John login [John clicks on Selecciona el boton Join Today]], Cuando presionamos el boton registrar [John ingresar info [John enters 'John' into Selecciona el campo Name, para iniciar, John enters 'Sanchez' into Selecciona el campo Last Name, John enters 'ejemplo2022@hotmail.com' into Selecciona el campo Email, John selects December, John selects 5, John selects 1984, John clicks on Selecciona el boton Join Next despues de llenar los primeros datos], John ingresar info adress [John enters ' ' into Selecciona el campo City, John enters 'Oslo' into Selecciona el campo City, John clicks on Selecciona el campo City y le pasa un valor, despues se le vuelve a pasar para que lo reconozca, John enters '000000' into Selecciona el campo Postal Code, John clicks on Selecciona el campo Pais, John clicks on Inserta el pais desde donde se encuentra, John clicks on Boton que nos permite continuar con el registro], John ingresar info devices [John clicks on Selecciona el campo  Your Computer, John clicks on Inserta el OS con el cual esta trabajando en la computadora, John clicks on Selecciona el campo version del OS, John clicks on Inserta la version del sistema operativo con el cual esta trabajando, John clicks on Selecciona el campo para ingresar el Leguaje de su PC, John clicks on Inserta Leguaje de su PC, John clicks on Selecciona el campo tipo de dispositivo mobil, John clicks on Inserta el tipo de dispositivo mobil, John clicks on Selecciona el campo  modelo de dispositivo mobil, John clicks on Inserta el modelo del dispositivo mobil]], Entonces quedamos logueados correctamente y con una cuenta creada]
[Test worker] WARN net.thucydides.core.steps.BaseStepListener - Final testOutcomes: [Crear un nuevo usuario:Dado que queremos acceder a la pagina [John open up [John opens the Choucair test], John login [John clicks on Selecciona el boton Join Today]], Cuando presionamos el boton registrar [John ingresar info [John enters 'John' into Selecciona el campo Name, para iniciar, John enters 'Sanchez' into Selecciona el campo Last Name, John enters 'ejemplo2022@hotmail.com' into Selecciona el campo Email, John selects December, John selects 5, John selects 1984, John clicks on Selecciona el boton Join Next despues de llenar los primeros datos], John ingresar info adress [John enters ' ' into Selecciona el campo City, John enters 'Oslo' into Selecciona el campo City, John clicks on Selecciona el campo City y le pasa un valor, despues se le vuelve a pasar para que lo reconozca, John enters '000000' into Selecciona el campo Postal Code, John clicks on Selecciona el campo Pais, John clicks on Inserta el pais desde donde se encuentra, John clicks on Boton que nos permite continuar con el registro], John ingresar info devices [John clicks on Selecciona el campo  Your Computer, John clicks on Inserta el OS con el cual esta trabajando en la computadora, John clicks on Selecciona el campo version del OS, John clicks on Inserta la version del sistema operativo con el cual esta trabajando, John clicks on Selecciona el campo para ingresar el Leguaje de su PC, John clicks on Inserta Leguaje de su PC, John clicks on Selecciona el campo tipo de dispositivo mobil, John clicks on Inserta el tipo de dispositivo mobil, John clicks on Selecciona el campo  modelo de dispositivo mobil, John clicks on Inserta el modelo del dispositivo mobil]], Entonces quedamos logueados correctamente y con una cuenta creada]
[Test worker] ERROR net.thucydides.core.steps.ConsoleLoggingListener - 
           __  _____ _____ ____ _____   _____ _    ___ _     _____ ____  
  _       / / |_   _| ____/ ___|_   _| |  ___/ \  |_ _| |   | ____|  _ \ 
 (_)_____| |    | | |  _| \___ \ | |   | |_ / _ \  | || |   |  _| | | | |
  _|_____| |    | | | |___ ___) || |   |  _/ ___ \ | || |___| |___| |_| |
 (_)     | |    |_| |_____|____/ |_|   |_|/_/   \_\___|_____|_____|____/ 
          \_\                                                            

TEST FAILED WITH ERROR: Crear un nuevo usuario
---------------------------------------------------------------------
[Test worker] ERROR net.thucydides.core.steps.ConsoleLoggingListener - TEST FAILED AT STEP John clicks on Inserta el modelo del dispositivo mobil
[Test worker] ERROR net.thucydides.core.steps.ConsoleLoggingListener - The following error occurred: chrome not reachable
</pre>
</span>
</div>
</div>
<div id="footer">
<p>
<div>
<label class="hidden" id="label-for-line-wrapping-toggle" for="line-wrapping-toggle">Wrap lines
<input id="line-wrapping-toggle" type="checkbox" autocomplete="off"/>
</label>
</div>Generated by 
<a href="http://www.gradle.org">Gradle 7.4</a> at 26-ago-2022 12:00:47</p>
</div>
</div>
</body>
</html>
